[debug] [2021-02-15T09:49:59.356Z] ----------------------------------------------------------------------
[debug] [2021-02-15T09:49:59.357Z] Command:       /Users/chdabre/.nvm/versions/node/v12.11.1/bin/node /Users/chdabre/.nvm/versions/node/v12.11.1/bin/firebase init
[debug] [2021-02-15T09:49:59.358Z] CLI Version:   9.3.0
[debug] [2021-02-15T09:49:59.358Z] Platform:      darwin
[debug] [2021-02-15T09:49:59.358Z] Node Version:  v12.11.1
[debug] [2021-02-15T09:49:59.359Z] Time:          Mon Feb 15 2021 10:49:59 GMT+0100 (Central European Standard Time)
[debug] [2021-02-15T09:49:59.359Z] ----------------------------------------------------------------------
[debug] [2021-02-15T09:49:59.359Z] 
[debug] [2021-02-15T09:49:59.365Z] > command requires scopes: ["email","openid","https://www.googleapis.com/auth/cloudplatformprojects.readonly","https://www.googleapis.com/auth/firebase","https://www.googleapis.com/auth/cloud-platform"]
[debug] [2021-02-15T09:49:59.365Z] > authorizing via signed-in user
[info] 
     ######## #### ########  ######## ########     ###     ######  ########
     ##        ##  ##     ## ##       ##     ##  ##   ##  ##       ##
     ######    ##  ########  ######   ########  #########  ######  ######
     ##        ##  ##    ##  ##       ##     ## ##     ##       ## ##
     ##       #### ##     ## ######## ########  ##     ##  ######  ########

You're about to initialize a Firebase project in this directory:

  /Users/chdabre/dev/hydra-composer

[info] 
=== Project Setup
[info] 
[info] First, let's associate this project directory with a Firebase project.
[info] You can create multiple project aliases by running firebase use --add, 
[info] but for now we'll just set up a default project.
[info] 
[debug] [2021-02-15T09:50:12.461Z] >>> [apiv2][query] GET https://firebase.googleapis.com/v1beta1/projects pageSize=100
[debug] [2021-02-15T09:50:12.730Z] <<< [apiv2][status] GET https://firebase.googleapis.com/v1beta1/projects 200
[debug] [2021-02-15T09:50:12.730Z] <<< [apiv2][body] GET https://firebase.googleapis.com/v1beta1/projects [omitted]
[info] i  Using project hydra-composer (hydra-composer) 
[info] 
=== Hosting Setup
[info] 
[info] Your public directory is the folder (relative to your project directory) that
[info] will contain Hosting assets to be uploaded with firebase deploy. If you
[info] have a build process for your assets, use your build's output directory.
[info] 
[debug] [2021-02-15T09:50:28.054Z] >>> [apiv2][query] GET https://www.gstatic.com/firebasejs/releases.json [none]
[debug] [2021-02-15T09:50:28.133Z] <<< [apiv2][status] GET https://www.gstatic.com/firebasejs/releases.json 200
[debug] [2021-02-15T09:50:28.134Z] <<< [apiv2][body] GET https://www.gstatic.com/firebasejs/releases.json {"current":{"version":"8.2.7","browserURL":"https://www.gstatic.com/firebasejs/8.2.7/firebase.js","packageURL":"https://www.gstatic.com/firebasejs/8.2.7/firebase.tgz"},"live":{"version":"8.2","browserURL":"https://www.gstatic.com/firebasejs/live/8.2/firebase.js","packageURL":"https://www.gstatic.com/firebasejs/live/8.2/firebase.tgz"},"components":{"analytics":"https://www.gstatic.com/firebasejs/8.2.7/firebase-analytics.js","app":"https://www.gstatic.com/firebasejs/8.2.7/firebase-app.js","auth":"https://www.gstatic.com/firebasejs/8.2.7/firebase-auth.js","database":"https://www.gstatic.com/firebasejs/8.2.7/firebase-database.js","firestore":"https://www.gstatic.com/firebasejs/8.2.7/firebase-firestore.js","functions":"https://www.gstatic.com/firebasejs/8.2.7/firebase-functions.js","installations":"https://www.gstatic.com/firebasejs/8.2.7/firebase-installations.js","messaging":"https://www.gstatic.com/firebasejs/8.2.7/firebase-messaging.js","storage":"https://www.gstatic.com/firebasejs/8.2.7/firebase-storage.js","performance":"https://www.gstatic.com/firebasejs/8.2.7/firebase-performance.js","remote-config":"https://www.gstatic.com/firebasejs/8.2.7/firebase-remote-config.js","firestore.memory":"https://www.gstatic.com/firebasejs/8.2.7/firebase-firestore.memory.js"}}
[info] ✔  Wrote dist/index.html 
[info] 
[info] i  Detected a .git folder at /Users/chdabre/dev/hydra-composer 
[info] i  Authorizing with GitHub to upload your service account to a GitHub repository's secrets store. 
[info] 
[info] Visit this URL on this device to log in:
[info] https://github.com/login/oauth/authorize?client_id=89cf50f02ac6aaed3484&state=841532616&redirect_uri=http%3A%2F%2Flocalhost%3A9005&scope=read%3Auser%20repo%20public_repo
[info] 
[info] Waiting for authentication...
[debug] [2021-02-15T09:50:38.194Z] >>> HTTP REQUEST POST https://github.com/login/oauth/access_token  
 {"client_id":"89cf50f02ac6aaed3484","client_secret":"3330d14abc895d9a74d5f17cd7a00711fa2c5bf0","code":"1ee67a56142d1c8d45cf","redirect_uri":"http://localhost:9005","state":"841532616"}
[debug] [2021-02-15T09:50:38.512Z] <<< HTTP RESPONSE 200 {"server":"GitHub.com","date":"Mon, 15 Feb 2021 09:50:42 GMT","content-type":"application/json; charset=utf-8","vary":"X-PJAX, Accept-Encoding, Accept, X-Requested-With","etag":"W/\"1338692c3be2f18b4495f245806f1d85\"","cache-control":"max-age=0, private, must-revalidate","strict-transport-security":"max-age=31536000; includeSubdomains; preload","x-frame-options":"deny","x-content-type-options":"nosniff","x-xss-protection":"1; mode=block","referrer-policy":"origin-when-cross-origin, strict-origin-when-cross-origin","expect-ct":"max-age=2592000, report-uri=\"https://api.github.com/_private/browser/errors\"","content-security-policy":"default-src 'none'; base-uri 'self'; block-all-mixed-content; connect-src 'self' uploads.github.com www.githubstatus.com collector.githubapp.com api.github.com github-cloud.s3.amazonaws.com github-production-repository-file-5c1aeb.s3.amazonaws.com github-production-upload-manifest-file-7fdce7.s3.amazonaws.com github-production-user-asset-6210df.s3.amazonaws.com cdn.optimizely.com logx.optimizely.com/v1/events wss://alive.github.com; font-src github.githubassets.com; form-action 'self' github.com gist.github.com; frame-ancestors 'none'; frame-src render.githubusercontent.com; img-src 'self' data: github.githubassets.com identicons.github.com collector.githubapp.com github-cloud.s3.amazonaws.com user-images.githubusercontent.com/ *.githubusercontent.com; manifest-src 'self'; media-src 'none'; script-src github.githubassets.com; style-src 'unsafe-inline' github.githubassets.com; worker-src github.com/socket-worker-5029ae85.js gist.github.com/socket-worker-5029ae85.js","x-github-request-id":"8667:E702:2061AB7:29F3DA4:602A43F2","transfer-encoding":"chunked"}
[debug] [2021-02-15T09:50:38.513Z] >>> [apiv2][query] GET https://api.github.com/user [none]
[debug] [2021-02-15T09:50:38.768Z] <<< [apiv2][status] GET https://api.github.com/user 200
[debug] [2021-02-15T09:50:38.768Z] <<< [apiv2][body] GET https://api.github.com/user {"login":"chdabre","id":7313617,"node_id":"MDQ6VXNlcjczMTM2MTc=","avatar_url":"https://avatars.githubusercontent.com/u/7313617?v=4","gravatar_id":"","url":"https://api.github.com/users/chdabre","html_url":"https://github.com/chdabre","followers_url":"https://api.github.com/users/chdabre/followers","following_url":"https://api.github.com/users/chdabre/following{/other_user}","gists_url":"https://api.github.com/users/chdabre/gists{/gist_id}","starred_url":"https://api.github.com/users/chdabre/starred{/owner}{/repo}","subscriptions_url":"https://api.github.com/users/chdabre/subscriptions","organizations_url":"https://api.github.com/users/chdabre/orgs","repos_url":"https://api.github.com/users/chdabre/repos","events_url":"https://api.github.com/users/chdabre/events{/privacy}","received_events_url":"https://api.github.com/users/chdabre/received_events","type":"User","site_admin":false,"name":"Dario Breitenstein","company":null,"blog":"imakethings.ch","location":"Switzerland","email":null,"hireable":null,"bio":null,"twitter_username":null,"public_repos":24,"public_gists":1,"followers":10,"following":0,"created_at":"2014-04-16T10:52:10Z","updated_at":"2021-02-15T09:50:41Z","private_gists":0,"total_private_repos":8,"owned_private_repos":8,"disk_usage":78068,"collaborators":1,"two_factor_authentication":false,"plan":{"name":"pro","space":976562499,"collaborators":0,"private_repos":9999}}
[info] 
[info] ✔  Success! Logged into GitHub as chdabre 
[info] 
